#
# There is insufficient memory for the Java Runtime Environment to continue.
# Native memory allocation (malloc) failed to allocate 32744 bytes for ChunkPool::allocate
# Possible reasons:
#   The system is out of physical RAM or swap space
#   The process is running with CompressedOops enabled, and the Java Heap may be blocking the growth of the native heap
# Possible solutions:
#   Reduce memory load on the system
#   Increase physical memory or swap space
#   Check if swap backing store is full
#   Decrease Java heap size (-Xmx/-Xms)
#   Decrease number of Java threads
#   Decrease Java thread stack sizes (-Xss)
#   Set larger code cache with -XX:ReservedCodeCacheSize=
#   JVM is running with Unscaled Compressed Oops mode in which the Java heap is
#     placed in the first 4GB address space. The Java Heap base address is the
#     maximum limit for the native heap growth. Please use -XX:HeapBaseMinAddress
#     to set the Java Heap base and to place the Java Heap above 4GB virtual address.
# This output file may be truncated or incomplete.
#
#  Out of Memory Error (allocation.cpp:272), pid=3188, tid=0x000000000000351c
#
# JRE version: OpenJDK Runtime Environment (8.0_202-b03) (build 1.8.0_202-release-1483-b03)
# Java VM: OpenJDK 64-Bit Server VM (25.202-b03 mixed mode windows-amd64 compressed oops)
# Failed to write core dump. Minidumps are not enabled by default on client versions of Windows
#

---------------  T H R E A D  ---------------

Current thread (0x00000000168fd800):  JavaThread "C2 CompilerThread0" daemon [_thread_in_native, id=13596, stack(0x0000000017f60000,0x0000000018060000)]

Stack: [0x0000000017f60000,0x0000000018060000]
[error occurred during error reporting (printing stack bounds), id 0xc0000005]

Native frames: (J=compiled Java code, j=interpreted, Vv=VM code, C=native code)


Current CompileTask:
C2:   3016 1373       4       java.net.URLClassLoader$1::run (5 bytes)


---------------  P R O C E S S  ---------------

Java Threads: ( => current thread )
  0x0000000019333000 JavaThread "Cache worker for journal cache (C:\Users\DBSS014\.gradle\caches\journal-1)" [_thread_blocked, id=10544, stack(0x000000001b4b0000,0x000000001b5b0000)]
  0x0000000019335000 JavaThread "File lock request listener" [_thread_in_native, id=10164, stack(0x000000001b3b0000,0x000000001b4b0000)]
  0x0000000019337800 JavaThread "Cache worker for file hash cache (C:\Users\DBSS014\.gradle\caches\5.4.1\fileHashes)" [_thread_blocked, id=9324, stack(0x000000001b2b0000,0x000000001b3b0000)]
  0x000000001863d000 JavaThread "Thread-9" [_thread_blocked, id=12196, stack(0x000000001b1b0000,0x000000001b2b0000)]
  0x000000001863a800 JavaThread "Stdin handler" [_thread_blocked, id=12180, stack(0x000000001b0b0000,0x000000001b1b0000)]
  0x0000000018639800 JavaThread "Asynchronous log dispatcher for DefaultDaemonConnection: socket connection from /127.0.0.1:51781 to /127.0.0.1:51782" [_thread_blocked, id=12708, stack(0x000000001afb0000,0x000000001b0b0000)]
  0x0000000018633000 JavaThread "Daemon worker" [_thread_in_vm, id=1628, stack(0x000000001aeb0000,0x000000001afb0000)]
  0x0000000018622000 JavaThread "Cancel handler" [_thread_blocked, id=9304, stack(0x000000001adb0000,0x000000001aeb0000)]
  0x0000000018a79800 JavaThread "Handler for socket connection from /127.0.0.1:51781 to /127.0.0.1:51782" [_thread_in_native, id=13740, stack(0x000000001aab0000,0x000000001abb0000)]
  0x0000000018a79000 JavaThread "Daemon" [_thread_blocked, id=14092, stack(0x000000001a9b0000,0x000000001aab0000)]
  0x000000001847d800 JavaThread "Daemon periodic checks" [_thread_blocked, id=10936, stack(0x000000001a8b0000,0x000000001a9b0000)]
  0x0000000018a5b000 JavaThread "Incoming local TCP Connector on port 51781" [_thread_in_native, id=12944, stack(0x000000001a670000,0x000000001a770000)]
  0x0000000019797800 JavaThread "Daemon health stats" [_thread_blocked, id=14332, stack(0x000000001a030000,0x000000001a130000)]
  0x000000001695e800 JavaThread "Service Thread" daemon [_thread_blocked, id=8328, stack(0x0000000018660000,0x0000000018760000)]
  0x0000000016909000 JavaThread "C1 CompilerThread2" daemon [_thread_in_vm, id=12256, stack(0x0000000018160000,0x0000000018260000)]
  0x0000000016904000 JavaThread "C2 CompilerThread1" daemon [_thread_blocked, id=5152, stack(0x0000000018060000,0x0000000018160000)]
=>0x00000000168fd800 JavaThread "C2 CompilerThread0" daemon [_thread_in_native, id=13596, stack(0x0000000017f60000,0x0000000018060000)]
  0x00000000168fb000 JavaThread "Attach Listener" daemon [_thread_blocked, id=8572, stack(0x0000000017e60000,0x0000000017f60000)]
  0x00000000168f9800 JavaThread "Signal Dispatcher" daemon [_thread_blocked, id=10092, stack(0x0000000017d60000,0x0000000017e60000)]
  0x00000000168e8800 JavaThread "Finalizer" daemon [_thread_blocked, id=9652, stack(0x0000000017b50000,0x0000000017c50000)]
  0x0000000002f82000 JavaThread "Reference Handler" daemon [_thread_blocked, id=12508, stack(0x0000000017a50000,0x0000000017b50000)]
  0x0000000002e92800 JavaThread "main" [_thread_blocked, id=6500, stack(0x0000000002d40000,0x0000000002e40000)]

Other Threads:
  0x00000000168c5800 VMThread [stack: 0x0000000017950000,0x0000000017a50000] [id=1828]
  0x0000000018288800 WatcherThread [stack: 0x0000000018760000,0x0000000018860000] [id=12204]

VM state:not at safepoint (normal execution)

VM Mutex/Monitor currently owned by a thread: None

heap address: 0x00000000a0000000, size: 1536 MB, Compressed Oops mode: 32-bit
Narrow klass base: 0x0000000000000000, Narrow klass shift: 3
Compressed class space size: 1073741824 Address: 0x0000000100000000

Heap:
 PSYoungGen      total 38400K, used 16617K [0x00000000e0000000, 0x00000000e2a80000, 0x0000000100000000)
  eden space 33280K, 34% used [0x00000000e0000000,0x00000000e0b3e410,0x00000000e2080000)
  from space 5120K, 99% used [0x00000000e2080000,0x00000000e257c010,0x00000000e2580000)
  to   space 5120K, 0% used [0x00000000e2580000,0x00000000e2580000,0x00000000e2a80000)
 ParOldGen       total 87552K, used 1855K [0x00000000a0000000, 0x00000000a5580000, 0x00000000e0000000)
  object space 87552K, 2% used [0x00000000a0000000,0x00000000a01cff00,0x00000000a5580000)
 Metaspace       used 14262K, capacity 14558K, committed 14720K, reserved 1062912K
  class space    used 1998K, capacity 2117K, committed 2176K, reserved 1048576K

Card table byte_map: [0x0000000012350000,0x0000000012660000] byte_map_base: 0x0000000011e50000

Marking Bits: (ParMarkBitMap*) 0x000000005b019f30
 Begin Bits: [0x0000000012c60000, 0x0000000014460000)
 End Bits:   [0x0000000014460000, 0x0000000015c60000)

Polling page: 0x0000000002ce0000

CodeCache: size=245760Kb used=4878Kb max_used=4889Kb free=240881Kb
 bounds [0x0000000002f90000, 0x0000000003460000, 0x0000000011f90000]
 total_blobs=1765 nmethods=1384 adapters=294
 compilation: enabled

Compilation events (10 events):
Event: 2.971 Thread 0x0000000016909000 nmethod 1377 0x00000000034523d0 code [0x0000000003452540, 0x00000000034526a8]
Event: 2.971 Thread 0x0000000016909000 1378       3       org.gradle.internal.service.DefaultServiceRegistry$OwnServices$ProviderAnalyser::addProviderForClassHierarchy (16 bytes)
Event: 2.971 Thread 0x0000000016909000 nmethod 1378 0x0000000003451f10 code [0x0000000003452080, 0x00000000034522d8]
Event: 2.976 Thread 0x0000000016904000 nmethod 1379 0x0000000003454590 code [0x00000000034546e0, 0x0000000003454998]
Event: 2.978 Thread 0x0000000016909000 1381       3       java.lang.invoke.MethodTypeForm::canonicalizeAll (66 bytes)
Event: 2.979 Thread 0x0000000016909000 nmethod 1381 0x0000000003453b50 code [0x0000000003453d00, 0x0000000003454338]
Event: 2.979 Thread 0x0000000016909000 1380       3       java.lang.invoke.MethodType::checkRtype (6 bytes)
Event: 2.980 Thread 0x0000000016909000 nmethod 1380 0x0000000003453650 code [0x00000000034537c0, 0x0000000003453a48]
Event: 2.980 Thread 0x0000000016909000 1382       3       java.lang.invoke.MethodType$ConcurrentWeakInternSet$WeakEntry::<init> (15 bytes)
Event: 2.980 Thread 0x0000000016909000 nmethod 1382 0x0000000003450ad0 code [0x0000000003450c60, 0x0000000003451048]

GC Heap History (6 events):
Event: 1.056 GC heap before
{Heap before GC invocations=1 (full 0):
 PSYoungGen      total 38400K, used 33280K [0x00000000e0000000, 0x00000000e2a80000, 0x0000000100000000)
  eden space 33280K, 100% used [0x00000000e0000000,0x00000000e2080000,0x00000000e2080000)
  from space 5120K, 0% used [0x00000000e2580000,0x00000000e2580000,0x00000000e2a80000)
  to   space 5120K, 0% used [0x00000000e2080000,0x00000000e2080000,0x00000000e2580000)
 ParOldGen       total 87552K, used 0K [0x00000000a0000000, 0x00000000a5580000, 0x00000000e0000000)
  object space 87552K, 0% used [0x00000000a0000000,0x00000000a0000000,0x00000000a5580000)
 Metaspace       used 6638K, capacity 6792K, committed 7040K, reserved 1056768K
  class space    used 811K, capacity 844K, committed 896K, reserved 1048576K
Event: 1.061 GC heap after
Heap after GC invocations=1 (full 0):
 PSYoungGen      total 38400K, used 4170K [0x00000000e0000000, 0x00000000e2a80000, 0x0000000100000000)
  eden space 33280K, 0% used [0x00000000e0000000,0x00000000e0000000,0x00000000e2080000)
  from space 5120K, 81% used [0x00000000e2080000,0x00000000e2492b80,0x00000000e2580000)
  to   space 5120K, 0% used [0x00000000e2580000,0x00000000e2580000,0x00000000e2a80000)
 ParOldGen       total 87552K, used 8K [0x00000000a0000000, 0x00000000a5580000, 0x00000000e0000000)
  object space 87552K, 0% used [0x00000000a0000000,0x00000000a0002000,0x00000000a5580000)
 Metaspace       used 6638K, capacity 6792K, committed 7040K, reserved 1056768K
  class space    used 811K, capacity 844K, committed 896K, reserved 1048576K
}
Event: 1.614 GC heap before
{Heap before GC invocations=2 (full 0):
 PSYoungGen      total 38400K, used 37450K [0x00000000e0000000, 0x00000000e2a80000, 0x0000000100000000)
  eden space 33280K, 100% used [0x00000000e0000000,0x00000000e2080000,0x00000000e2080000)
  from space 5120K, 81% used [0x00000000e2080000,0x00000000e2492b80,0x00000000e2580000)
  to   space 5120K, 0% used [0x00000000e2580000,0x00000000e2580000,0x00000000e2a80000)
 ParOldGen       total 87552K, used 8K [0x00000000a0000000, 0x00000000a5580000, 0x00000000e0000000)
  object space 87552K, 0% used [0x00000000a0000000,0x00000000a0002000,0x00000000a5580000)
 Metaspace       used 8921K, capacity 9174K, committed 9216K, reserved 1056768K
  class space    used 1163K, capacity 1247K, committed 1280K, reserved 1048576K
Event: 1.620 GC heap after
Heap after GC invocations=2 (full 0):
 PSYoungGen      total 38400K, used 4429K [0x00000000e0000000, 0x00000000e2a80000, 0x0000000100000000)
  eden space 33280K, 0% used [0x00000000e0000000,0x00000000e0000000,0x00000000e2080000)
  from space 5120K, 86% used [0x00000000e2580000,0x00000000e29d37c0,0x00000000e2a80000)
  to   space 5120K, 0% used [0x00000000e2080000,0x00000000e2080000,0x00000000e2580000)
 ParOldGen       total 87552K, used 16K [0x00000000a0000000, 0x00000000a5580000, 0x00000000e0000000)
  object space 87552K, 0% used [0x00000000a0000000,0x00000000a0004000,0x00000000a5580000)
 Metaspace       used 8921K, capacity 9174K, committed 9216K, reserved 1056768K
  class space    used 1163K, capacity 1247K, committed 1280K, reserved 1048576K
}
Event: 2.852 GC heap before
{Heap before GC invocations=3 (full 0):
 PSYoungGen      total 38400K, used 37709K [0x00000000e0000000, 0x00000000e2a80000, 0x0000000100000000)
  eden space 33280K, 100% used [0x00000000e0000000,0x00000000e2080000,0x00000000e2080000)
  from space 5120K, 86% used [0x00000000e2580000,0x00000000e29d37c0,0x00000000e2a80000)
  to   space 5120K, 0% used [0x00000000e2080000,0x00000000e2080000,0x00000000e2580000)
 ParOldGen       total 87552K, used 16K [0x00000000a0000000, 0x00000000a5580000, 0x00000000e0000000)
  object space 87552K, 0% used [0x00000000a0000000,0x00000000a0004000,0x00000000a5580000)
 Metaspace       used 13327K, capacity 13660K, committed 13824K, reserved 1060864K
  class space    used 1845K, capacity 1988K, committed 2048K, reserved 1048576K
Event: 2.859 GC heap after
Heap after GC invocations=3 (full 0):
 PSYoungGen      total 38400K, used 5104K [0x00000000e0000000, 0x00000000e2a80000, 0x0000000100000000)
  eden space 33280K, 0% used [0x00000000e0000000,0x00000000e0000000,0x00000000e2080000)
  from space 5120K, 99% used [0x00000000e2080000,0x00000000e257c010,0x00000000e2580000)
  to   space 5120K, 0% used [0x00000000e2580000,0x00000000e2580000,0x00000000e2a80000)
 ParOldGen       total 87552K, used 1855K [0x00000000a0000000, 0x00000000a5580000, 0x00000000e0000000)
  object space 87552K, 2% used [0x00000000a0000000,0x00000000a01cff00,0x00000000a5580000)
 Metaspace       used 13327K, capacity 13660K, committed 13824K, reserved 1060864K
  class space    used 1845K, capacity 1988K, committed 2048K, reserved 1048576K
}

Deoptimization events (10 events):
Event: 1.976 Thread 0x0000000002e92800 Uncommon trap: reason=unstable_if action=reinterpret pc=0x00000000032e27a8 method=java.io.WinNTFileSystem.normalize(Ljava/lang/String;II)Ljava/lang/String; @ 90
Event: 2.561 Thread 0x0000000018a79800 Uncommon trap: reason=unstable_if action=reinterpret pc=0x000000000334d0b0 method=java.util.concurrent.ConcurrentHashMap.putVal(Ljava/lang/Object;Ljava/lang/Object;Z)Ljava/lang/Object; @ 206
Event: 2.618 Thread 0x0000000018633000 Uncommon trap: reason=bimorphic action=maybe_recompile pc=0x000000000322768c method=java.util.HashMap.putVal(ILjava/lang/Object;Ljava/lang/Object;ZZ)Ljava/lang/Object; @ 253
Event: 2.618 Thread 0x0000000018633000 Uncommon trap: reason=bimorphic action=maybe_recompile pc=0x000000000322768c method=java.util.HashMap.putVal(ILjava/lang/Object;Ljava/lang/Object;ZZ)Ljava/lang/Object; @ 253
Event: 2.618 Thread 0x0000000018633000 Uncommon trap: reason=bimorphic action=maybe_recompile pc=0x000000000322768c method=java.util.HashMap.putVal(ILjava/lang/Object;Ljava/lang/Object;ZZ)Ljava/lang/Object; @ 253
Event: 2.618 Thread 0x0000000018633000 Uncommon trap: reason=bimorphic action=maybe_recompile pc=0x000000000322768c method=java.util.HashMap.putVal(ILjava/lang/Object;Ljava/lang/Object;ZZ)Ljava/lang/Object; @ 253
Event: 2.843 Thread 0x0000000018633000 Uncommon trap: reason=class_check action=maybe_recompile pc=0x0000000003268118 method=java.util.regex.Matcher.match(II)Z @ 86
Event: 2.867 Thread 0x0000000018633000 Uncommon trap: reason=class_check action=maybe_recompile pc=0x0000000003268118 method=java.util.regex.Matcher.match(II)Z @ 86
Event: 2.867 Thread 0x0000000018633000 Uncommon trap: reason=class_check action=maybe_recompile pc=0x0000000003268118 method=java.util.regex.Matcher.match(II)Z @ 86
Event: 2.867 Thread 0x0000000018633000 Uncommon trap: reason=class_check action=maybe_recompile pc=0x0000000003223d1c method=java.util.regex.Matcher.match(II)Z @ 86

Classes redefined (0 events):
No events

Internal exceptions (10 events):
Event: 1.605 Thread 0x0000000002e92800 Exception <a 'java/lang/NoSuchFieldError': method resolution failed> (0x00000000e2053bc8) thrown at [D:\src\AOSP-openjdk-cygwin\jdk8u\hotspot\src\share\vm\prims\methodHandles.cpp, line 1167]
Event: 1.606 Thread 0x0000000002e92800 Exception <a 'java/lang/NoSuchFieldError': method resolution failed> (0x00000000e2061908) thrown at [D:\src\AOSP-openjdk-cygwin\jdk8u\hotspot\src\share\vm\prims\methodHandles.cpp, line 1167]
Event: 2.492 Thread 0x0000000002e92800 Exception <a 'java/io/IOException'> (0x00000000e0795e78) thrown at [D:\src\AOSP-openjdk-cygwin\jdk8u\hotspot\src\share\vm\prims\jni.cpp, line 710]
Event: 2.563 Thread 0x0000000018a79800 Exception <a 'java/lang/NoSuchMethodError': <clinit>> (0x00000000e099bf40) thrown at [D:\src\AOSP-openjdk-cygwin\jdk8u\hotspot\src\share\vm\prims\jni.cpp, line 1614]
Event: 2.564 Thread 0x0000000018a79800 Exception <a 'java/lang/NoSuchMethodError': <clinit>> (0x00000000e09a5cf0) thrown at [D:\src\AOSP-openjdk-cygwin\jdk8u\hotspot\src\share\vm\prims\jni.cpp, line 1614]
Event: 2.567 Thread 0x0000000018a79800 Exception <a 'java/lang/NoSuchMethodError': <clinit>> (0x00000000e09b9ed0) thrown at [D:\src\AOSP-openjdk-cygwin\jdk8u\hotspot\src\share\vm\prims\jni.cpp, line 1614]
Event: 2.578 Thread 0x0000000018a79800 Exception <a 'java/lang/NoSuchMethodError': <clinit>> (0x00000000e0a3e8b8) thrown at [D:\src\AOSP-openjdk-cygwin\jdk8u\hotspot\src\share\vm\prims\jni.cpp, line 1614]
Event: 2.584 Thread 0x0000000018a79800 Exception <a 'java/lang/NoSuchMethodError': <clinit>> (0x00000000e0a76418) thrown at [D:\src\AOSP-openjdk-cygwin\jdk8u\hotspot\src\share\vm\prims\jni.cpp, line 1614]
Event: 2.589 Thread 0x0000000018a79800 Exception <a 'java/lang/NoSuchMethodError': <clinit>> (0x00000000e0aac668) thrown at [D:\src\AOSP-openjdk-cygwin\jdk8u\hotspot\src\share\vm\prims\jni.cpp, line 1614]
Event: 2.590 Thread 0x0000000018a79800 Exception <a 'java/lang/NoSuchMethodError': <clinit>> (0x00000000e0ab8160) thrown at [D:\src\AOSP-openjdk-cygwin\jdk8u\hotspot\src\share\vm\prims\jni.cpp, line 1614]

Events (10 events):
Event: 2.978 loading class kotlin/jvm/functions/Function2
Event: 2.978 loading class kotlin/jvm/functions/Function2 done
Event: 2.978 loading class kotlin/Function
Event: 2.978 loading class kotlin/Function done
Event: 2.981 loading class org/gradle/api/internal/artifacts/DependencyManagementBuildScopeServices
Event: 2.981 loading class org/gradle/api/internal/artifacts/DependencyManagementBuildScopeServices done
Event: 2.982 loading class org/gradle/api/internal/artifacts/ivyservice/resolveengine/result/AttributeContainerSerializer
Event: 2.982 loading class org/gradle/api/internal/artifacts/ivyservice/resolveengine/result/AttributeContainerSerializer done
Event: 2.983 loading class org/gradle/api/internal/artifacts/mvnsettings/LocalMavenRepositoryLocator
Event: 2.983 loading class org/gradle/api/internal/artifacts/mvnsettings/LocalMavenRepositoryLocator done


Dynamic libraries:
0x00007ff63fc90000 - 0x00007ff63fcc1000 	C:\Program Files\Android\Android Studio\jre\bin\java.exe
0x00007ffdf4680000 - 0x00007ffdf4870000 	C:\WINDOWS\SYSTEM32\ntdll.dll
0x00007ffdf4390000 - 0x00007ffdf4442000 	C:\WINDOWS\System32\KERNEL32.DLL
0x00007ffdf20d0000 - 0x00007ffdf2373000 	C:\WINDOWS\System32\KERNELBASE.dll
0x00007ffdf2d30000 - 0x00007ffdf2dd3000 	C:\WINDOWS\System32\ADVAPI32.dll
0x00007ffdf3be0000 - 0x00007ffdf3c7e000 	C:\WINDOWS\System32\msvcrt.dll
0x00007ffdf2c90000 - 0x00007ffdf2d27000 	C:\WINDOWS\System32\sechost.dll
0x00007ffdf41f0000 - 0x00007ffdf4310000 	C:\WINDOWS\System32\RPCRT4.dll
0x00007ffdf2960000 - 0x00007ffdf2af4000 	C:\WINDOWS\System32\USER32.dll
0x00007ffdf1fa0000 - 0x00007ffdf1fc1000 	C:\WINDOWS\System32\win32u.dll
0x00007ffdf2c60000 - 0x00007ffdf2c86000 	C:\WINDOWS\System32\GDI32.dll
0x00007ffdf1d90000 - 0x00007ffdf1f24000 	C:\WINDOWS\System32\gdi32full.dll
0x00007ffdf2030000 - 0x00007ffdf20ce000 	C:\WINDOWS\System32\msvcp_win.dll
0x00007ffdf2430000 - 0x00007ffdf252a000 	C:\WINDOWS\System32\ucrtbase.dll
0x00007ffddf7f0000 - 0x00007ffddfa75000 	C:\WINDOWS\WinSxS\amd64_microsoft.windows.common-controls_6595b64144ccf1df_6.0.18362.535_none_e6c3b34713100821\COMCTL32.dll
0x00007ffdf3d50000 - 0x00007ffdf4086000 	C:\WINDOWS\System32\combase.dll
0x00007ffdf2560000 - 0x00007ffdf25e0000 	C:\WINDOWS\System32\bcryptPrimitives.dll
0x00007ffdf4450000 - 0x00007ffdf447e000 	C:\WINDOWS\System32\IMM32.DLL
0x000000005a630000 - 0x000000005a702000 	C:\Program Files\Android\Android Studio\jre\jre\bin\msvcr100.dll
0x000000005a850000 - 0x000000005b096000 	C:\Program Files\Android\Android Studio\jre\jre\bin\server\jvm.dll
0x00007ffdf4560000 - 0x00007ffdf4568000 	C:\WINDOWS\System32\PSAPI.DLL
0x00007ffdf0060000 - 0x00007ffdf0069000 	C:\WINDOWS\SYSTEM32\WSOCK32.dll
0x00007ffded710000 - 0x00007ffded734000 	C:\WINDOWS\SYSTEM32\WINMM.dll
0x00007ffdf45d0000 - 0x00007ffdf463f000 	C:\WINDOWS\System32\WS2_32.dll
0x00007ffdebc00000 - 0x00007ffdebc0a000 	C:\WINDOWS\SYSTEM32\VERSION.dll
0x00007ffded6e0000 - 0x00007ffded70d000 	C:\WINDOWS\SYSTEM32\winmmbase.dll
0x00007ffdf1f30000 - 0x00007ffdf1f7a000 	C:\WINDOWS\System32\cfgmgr32.dll
0x00007ffdedab0000 - 0x00007ffdedabf000 	C:\Program Files\Android\Android Studio\jre\jre\bin\verify.dll
0x00007ffde3a80000 - 0x00007ffde3aa9000 	C:\Program Files\Android\Android Studio\jre\jre\bin\java.dll
0x00007ffdeda90000 - 0x00007ffdedaa6000 	C:\Program Files\Android\Android Studio\jre\jre\bin\zip.dll
0x00007ffdf3480000 - 0x00007ffdf3b65000 	C:\WINDOWS\System32\SHELL32.dll
0x00007ffdf2b00000 - 0x00007ffdf2ba9000 	C:\WINDOWS\System32\shcore.dll
0x00007ffdf1610000 - 0x00007ffdf1d8f000 	C:\WINDOWS\System32\windows.storage.dll
0x00007ffdf15b0000 - 0x00007ffdf15cf000 	C:\WINDOWS\System32\profapi.dll
0x00007ffdf1560000 - 0x00007ffdf15aa000 	C:\WINDOWS\System32\powrprof.dll
0x00007ffdf1550000 - 0x00007ffdf1560000 	C:\WINDOWS\System32\UMPDC.dll
0x00007ffdf2f90000 - 0x00007ffdf2fe2000 	C:\WINDOWS\System32\shlwapi.dll
0x00007ffdf15f0000 - 0x00007ffdf1601000 	C:\WINDOWS\System32\kernel.appcore.dll
0x00007ffdf1f80000 - 0x00007ffdf1f97000 	C:\WINDOWS\System32\cryptsp.dll
0x00007ffde86a0000 - 0x00007ffde86ba000 	C:\Program Files\Android\Android Studio\jre\jre\bin\net.dll
0x00007ffdf0d60000 - 0x00007ffdf0dc7000 	C:\WINDOWS\system32\mswsock.dll
0x00007ffde2f40000 - 0x00007ffde2f51000 	C:\Program Files\Android\Android Studio\jre\jre\bin\nio.dll
0x00007ffdd9090000 - 0x00007ffdd90b6000 	C:\Users\DBSS014\.gradle\native\29\windows-amd64\native-platform.dll
0x00007ffdec330000 - 0x00007ffdec33d000 	C:\Program Files\Android\Android Studio\jre\jre\bin\management.dll
0x00007ffdf08d0000 - 0x00007ffdf0903000 	C:\WINDOWS\system32\rsaenh.dll
0x00007ffdf2530000 - 0x00007ffdf2556000 	C:\WINDOWS\System32\bcrypt.dll
0x00007ffdf1470000 - 0x00007ffdf1495000 	C:\WINDOWS\SYSTEM32\USERENV.dll
0x00007ffdf0f30000 - 0x00007ffdf0f3c000 	C:\WINDOWS\SYSTEM32\CRYPTBASE.dll
0x00007ffdf0a70000 - 0x00007ffdf0aaa000 	C:\WINDOWS\SYSTEM32\IPHLPAPI.DLL
0x00007ffdf2810000 - 0x00007ffdf2818000 	C:\WINDOWS\System32\NSI.dll
0x00007ffde6700000 - 0x00007ffde6716000 	C:\WINDOWS\SYSTEM32\dhcpcsvc6.DLL
0x00007ffde6b40000 - 0x00007ffde6b5c000 	C:\WINDOWS\SYSTEM32\dhcpcsvc.DLL
0x00007ffdf0ab0000 - 0x00007ffdf0b7a000 	C:\WINDOWS\SYSTEM32\DNSAPI.dll

VM Arguments:
jvm_args: -Xmx1536m -Dfile.encoding=windows-1252 -Duser.country=US -Duser.language=en -Duser.variant 
java_command: org.gradle.launcher.daemon.bootstrap.GradleDaemon 5.4.1
java_class_path (initial): C:\Users\DBSS014\.gradle\wrapper\dists\gradle-5.4.1-all\3221gyojl5jsh0helicew7rwx\gradle-5.4.1\lib\gradle-launcher-5.4.1.jar
Launcher Type: SUN_STANDARD

Environment Variables:
PATH=C:\Program Files (x86)\Common Files\Intel\Shared Libraries\redist\intel64\compiler;C:\Program Files\Microsoft MPI\Bin\;C:\Program Files (x86)\Common Files\Intel\Shared Files\cpp\bin\Intel64;C:\ProgramData\Oracle\Java\javapath;C:\Windows\system32;C:\Windows;C:\Windows\System32\Wbem;C:\Windows\System32\WindowsPowerShell\v1.0\;C:\WINDOWS\system32;C:\WINDOWS;C:\WINDOWS\System32\Wbem;C:\WINDOWS\System32\WindowsPowerShell\v1.0\;C:\Program Files (x86)\NVIDIA Corporation\PhysX\Common;C:\Program Files (x86)\Microsoft SQL Server\130\Tools\Binn\;C:\Program Files (x86)\Microsoft SQL Server\Client SDK\ODBC\130\Tools\Binn\;C:\Program Files (x86)\Microsoft SQL Server\130\DTS\Binn\;C:\Program Files (x86)\Microsoft SQL Server\130\Tools\Binn\ManagementStudio\;C:\Program Files (x86)\QuickTime\QTSystem\;C:\Program Files (x86)\GtkSharp\2.12\bin;C:\Program Files\Git\cmd;C:\WINDOWS\System32\OpenSSH\;C:\Program Files\Microsoft VS Code\bin;C:\Program Files\NVIDIA Corporation\NVIDIA NvDLISR;C:\WINDOWS\system32;C:\WINDOWS;C:\WINDOWS\System32\Wbem;C:\WINDOWS\System32\WindowsPowerShell\v1.0\;C:\WINDOWS\System32\OpenSSH\;C:\Program Files\dotnet\;C:\Users\DBSS014\AppData\Local\Microsoft\WindowsApps;C:\Users\DBSS014\AppData\Local\GitHubDesktop\bin;C:\Program Files\Heroku\bin;C:\Program Files\Microsoft VS Code\bin;C:\src\flutter;;%USERPROFILE%\AppData\Local\Microsoft\WindowsApps
USERNAME=DBSS014
OS=Windows_NT
PROCESSOR_IDENTIFIER=Intel64 Family 6 Model 61 Stepping 4, GenuineIntel



---------------  S Y S T E M  ---------------

OS: Windows 10.0 , 64 bit Build 18362 (10.0.18362.329)

CPU:total 4 (initial active 4) (2 cores per cpu, 2 threads per core) family 6 model 61 stepping 4, cmov, cx8, fxsr, mmx, sse, sse2, sse3, ssse3, sse4.1, sse4.2, popcnt, avx, avx2, aes, clmul, erms, 3dnowpref, lzcnt, ht, tsc, tscinvbit, bmi1, bmi2, adx

Memory: 4k page, physical 8285608k(520624k free), swap 8285608k(3096k free)

vm_info: OpenJDK 64-Bit Server VM (25.202-b03) for windows-amd64 JRE (1.8.0_202-release-1483-b03), built by "builder" with MS VC++ 10.0 (VS2010)

time: Wed Dec 18 16:05:09 2019
timezone: SE Asia Standard Time
elapsed time: 3 seconds (0d 0h 0m 3s)

